{
  "stats": {
    "suites": 1,
    "tests": 1,
    "passes": 0,
    "pending": 0,
    "failures": 1,
    "start": "2022-05-10T06:29:02.365Z",
    "end": "2022-05-10T06:29:19.143Z",
    "duration": 16778,
    "testsRegistered": 1,
    "passPercent": 0,
    "pendingPercent": 0,
    "other": 0,
    "hasOther": false,
    "skipped": 0,
    "hasSkipped": false
  },
  "results": [
    {
      "uuid": "17c93902-be4a-4ec9-96f9-7e59b9f0d9cd",
      "title": "",
      "fullFile": "cypress/integration/conduitTest/login.spec.js",
      "file": "cypress/integration/conduitTest/login.spec.js",
      "beforeHooks": [],
      "afterHooks": [],
      "tests": [],
      "suites": [
        {
          "uuid": "f3dbd92f-953e-446f-9d54-d639a0f7a780",
          "title": "Test login of Conduit App",
          "fullFile": "",
          "file": "",
          "beforeHooks": [],
          "afterHooks": [],
          "tests": [
            {
              "title": "Login to application",
              "fullTitle": "Test login of Conduit App Login to application",
              "timedOut": null,
              "duration": 16449,
              "state": "failed",
              "speed": null,
              "pass": false,
              "fail": true,
              "pending": false,
              "context": null,
              "code": "cy.visit(\"/\");\n_loginPage.loginPage.navigateToSigninPage();\n_loginPage.loginPage.loginToApplication(\"saurabh@fake.com\", \"admin\");\n_loginPage.loginPage.verifyloginSuccessfull();",
              "err": {
                "message": "AssertionError: Timed out retrying after 4000ms: Expected to find content: 'New Article' within the selector: 'vv' but never did.",
                "estack": "AssertionError: Timed out retrying after 4000ms: Expected to find content: 'New Article' within the selector: 'vv' but never did.\n    at LoginPage.verifyloginSuccessfull (http://conduit.centralus.cloudapp.azure.com:3000/__cypress/tests?p=cypress/integration/conduitTest/login.spec.js:199:38)\n    at Context.eval (http://conduit.centralus.cloudapp.azure.com:3000/__cypress/tests?p=cypress/integration/conduitTest/login.spec.js:155:26)",
                "diff": null
              },
              "uuid": "c191ea2d-0fc7-462e-8f36-66d7ff31e9b5",
              "parentUUID": "f3dbd92f-953e-446f-9d54-d639a0f7a780",
              "isHook": false,
              "skipped": false
            }
          ],
          "suites": [],
          "passes": [],
          "failures": [
            "c191ea2d-0fc7-462e-8f36-66d7ff31e9b5"
          ],
          "pending": [],
          "skipped": [],
          "duration": 16449,
          "root": false,
          "rootEmpty": false,
          "_timeout": 2000
        }
      ],
      "passes": [],
      "failures": [],
      "pending": [],
      "skipped": [],
      "duration": 0,
      "root": true,
      "rootEmpty": true,
      "_timeout": 2000
    }
  ],
  "meta": {
    "mocha": {
      "version": "7.0.1"
    },
    "mochawesome": {
      "options": {
        "quiet": false,
        "reportFilename": "mochawesome",
        "saveHtml": true,
        "saveJson": true,
        "consoleReporter": "spec",
        "useInlineDiffs": false,
        "code": true
      },
      "version": "7.1.3"
    },
    "marge": {
      "options": null,
      "version": "6.2.0"
    }
  }
}